{"/Users/chinnawat/CodeCamp2019/tdd-workshop-codecamp-2019/exercise07/src/controllers/add.js": {"path":"/Users/chinnawat/CodeCamp2019/tdd-workshop-codecamp-2019/exercise07/src/controllers/add.js","statementMap":{"0":{"start":{"line":4,"column":2},"end":{"line":4,"column":23}},"1":{"start":{"line":5,"column":2},"end":{"line":7,"column":3}},"2":{"start":{"line":6,"column":4},"end":{"line":6,"column":68}},"3":{"start":{"line":8,"column":18},"end":{"line":8,"column":26}},"4":{"start":{"line":9,"column":2},"end":{"line":11,"column":3}},"5":{"start":{"line":10,"column":4},"end":{"line":10,"column":69}},"6":{"start":{"line":12,"column":2},"end":{"line":12,"column":40}},"7":{"start":{"line":13,"column":2},"end":{"line":13,"column":26}}},"fnMap":{"0":{"name":"addTask","decl":{"start":{"line":3,"column":15},"end":{"line":3,"column":22}},"loc":{"start":{"line":3,"column":33},"end":{"line":14,"column":1}},"line":3}},"branchMap":{"0":{"loc":{"start":{"line":5,"column":2},"end":{"line":7,"column":3}},"type":"if","locations":[{"start":{"line":5,"column":2},"end":{"line":7,"column":3}},{"start":{"line":5,"column":2},"end":{"line":7,"column":3}}],"line":5},"1":{"loc":{"start":{"line":9,"column":2},"end":{"line":11,"column":3}},"type":"if","locations":[{"start":{"line":9,"column":2},"end":{"line":11,"column":3}},{"start":{"line":9,"column":2},"end":{"line":11,"column":3}}],"line":9}},"s":{"0":3,"1":3,"2":2,"3":1,"4":1,"5":0,"6":1,"7":1},"f":{"0":3},"b":{"0":[2,1],"1":[0,1]},"_coverageSchema":"43e27e138ebf9cfc5966b082cf9a028302ed4184","hash":"3c3b9d2c2dedbfa544ed9ede5d3642799f8a22a2"}
,"/Users/chinnawat/CodeCamp2019/tdd-workshop-codecamp-2019/exercise07/src/controllers/get.js": {"path":"/Users/chinnawat/CodeCamp2019/tdd-workshop-codecamp-2019/exercise07/src/controllers/get.js","statementMap":{"0":{"start":{"line":4,"column":13},"end":{"line":4,"column":28}},"1":{"start":{"line":5,"column":2},"end":{"line":9,"column":3}},"2":{"start":{"line":6,"column":4},"end":{"line":6,"column":45}},"3":{"start":{"line":8,"column":4},"end":{"line":8,"column":38}}},"fnMap":{"0":{"name":"getTask","decl":{"start":{"line":3,"column":15},"end":{"line":3,"column":22}},"loc":{"start":{"line":3,"column":33},"end":{"line":10,"column":1}},"line":3}},"branchMap":{"0":{"loc":{"start":{"line":5,"column":2},"end":{"line":9,"column":3}},"type":"if","locations":[{"start":{"line":5,"column":2},"end":{"line":9,"column":3}},{"start":{"line":5,"column":2},"end":{"line":9,"column":3}}],"line":5}},"s":{"0":2,"1":2,"2":0,"3":2},"f":{"0":2},"b":{"0":[0,2]},"_coverageSchema":"43e27e138ebf9cfc5966b082cf9a028302ed4184","hash":"277ed04ffc31dc5167a7f771d6a96d3722245380"}
}
