TN:
SF:/Users/chinnawat/CodeCamp2019/tdd-workshop-codecamp-2019/exercise07/src/controllers/add.js
FN:3,addTask
FNF:1
FNH:1
FNDA:3,addTask
DA:4,3
DA:5,3
DA:6,2
DA:8,1
DA:9,1
DA:10,0
DA:12,1
DA:13,1
LF:8
LH:7
BRDA:5,0,0,2
BRDA:5,0,1,1
BRDA:9,1,0,0
BRDA:9,1,1,1
BRF:4
BRH:3
end_of_record
TN:
SF:/Users/chinnawat/CodeCamp2019/tdd-workshop-codecamp-2019/exercise07/src/controllers/get.js
FN:3,getTask
FNF:1
FNH:1
FNDA:2,getTask
DA:4,2
DA:5,2
DA:6,0
DA:8,2
LF:4
LH:3
BRDA:5,0,0,0
BRDA:5,0,1,2
BRF:2
BRH:1
end_of_record
